To: orders@westcoastsoftware.com
From: dan@danfitzgerald.com
Subject: Registration Request for westcoastsoftware2.net

dan@danfitzgerald.com submitted a registration for westcoastsoftware2.net.

NOTE: if you have registered a IDN domain the above domain name
will not appear in its native format. It will instead appear in a punycode
format.
 
RESELLERS: insert the path to your IDN converter (Punycode.cgi)
to allow customers to verify their domain names.

----------------------------------------------------------------------
Order Information:
----------------------------------------------------------------------

Order #:        999148
Reg Type:       New Domain
Domain:         westcoastsoftware2.net
Reg Period:     1 Year
Affiliate ID:   
----------------------------------------------------------------------
Owner information:
----------------------------------------------------------------------

First Name:     Dan
Last Name:      Fitzgerald
Org. Name:      Test
Address1:       123 Main St.
Address2:       #12
Address3:       
City:           Orange
State:          CA
Country:        US
Postal Code:    55555
Phone:          714-336-6377
Fax:            714-538-6898
Email:          dan@danfitzgerald.com

----------------------------------------------------------------------
Admin information:
----------------------------------------------------------------------

First Name:     Dan
Last Name:      Fitzgerald
Org. Name:      Test
Address1:       123 Main St.
Address2:       #12
Address3:       
City:           Orange
State:          CA
Country:        US
Postal Code:    55555
Phone:          714-336-6377
Fax:            714-538-6898
Email:          dan@danfitzgerald.com

----------------------------------------------------------------------
Billing Information:
----------------------------------------------------------------------

First Name:     Dan
Last Name:      Fitzgerald
Org. Name:      Test
Address1:       123 Main St.
Address2:       #12
Address3:       
City:           Orange
State:          CA
Country:        US
Postal Code:    55555
Phone:          714-336-6377
Fax:            714-538-6898
Email:          dan@danfitzgerald.com

To: dan@danfitzgerald.com
From: orders@westcoastsoftware.com
Subject: Registration Request for westcoastsoftware2.net Received.

Thank you for your order Dan!

Your order ID for westcoastsoftware2.net is 999148.  Please keep this for
future reference.  We will be processing your order shortly.

NOTE: if you have registered a IDN domain the above domain name
will not appear in its native format. It will instead appear in a Punycode format..

RESELLERS: insert the path to your IDN converter (Punycode.cgi) 
to allow customers to verify their domain names.
